<?xml version="1.0" encoding="UTF-8"?>
<!-- Generated by org.testng.reporters.JUnitXMLReporter -->
<testsuite hostname="macb-mariao.observeit-sys.local" ignored="0" name="Command line test" tests="10" failures="0" timestamp="2020-02-12T16:26:55 IST" time="1.781" errors="0">
  <testcase name="testGetValidateRequest" time="0.01" classname="tests.unit.UnitTest"/>
  <testcase name="testGetValidateRequestInvalid" time="0.0" classname="tests.unit.UnitTest"/>
  <testcase name="testGet_returnsNotNull" time="0.0" classname="tests.unit.UnitTest"/>
  <testcase name="testGet_returnsNull" time="0.001" classname="tests.unit.UnitTest"/>
  <testcase name="restAssured_TestPostRequest" time="0.888" classname="tests.api.ApiTest"/>
  <testcase name="testGetRequest_ValidInputEntityShouldNotBeNull" time="0.195" classname="tests.api.ApiTest"/>
  <testcase name="testGet_InvalidInput" time="0.074" classname="tests.api.ApiTest"/>
  <testcase name="testListNearest_ShouldBeNotNull" time="0.093" classname="tests.api.ApiTest"/>
  <testcase name="testValidRequest_InValidInput" time="0.085" classname="tests.api.ApiTest"/>
  <testcase name="testValidRequest_ValidInput" time="0.08" classname="tests.api.ApiTest"/>
</testsuite> <!-- Command line test -->
